#
# There is insufficient memory for the Java Runtime Environment to continue.
# Native memory allocation (malloc) failed to allocate 1048576 bytes for AllocateHeap
# Possible reasons:
#   The system is out of physical RAM or swap space
#   In 32 bit mode, the process size limit was hit
# Possible solutions:
#   Reduce memory load on the system
#   Increase physical memory or swap space
#   Check if swap backing store is full
#   Use 64 bit Java on a 64 bit OS
#   Decrease Java heap size (-Xmx/-Xms)
#   Decrease number of Java threads
#   Decrease Java thread stack sizes (-Xss)
#   Set larger code cache with -XX:ReservedCodeCacheSize=
# This output file may be truncated or incomplete.
#
#  Out of Memory Error (memory/allocation.inline.hpp:61), pid=12016, tid=0x00000000000037b4
#
# JRE version:  (8.0_101-b13) (build )
# Java VM: Java HotSpot(TM) 64-Bit Server VM (25.101-b13 mixed mode windows-amd64 compressed oops)
# Failed to write core dump. Minidumps are not enabled by default on client versions of Windows
#

---------------  T H R E A D  ---------------

Current thread (0x000000000213e800):  JavaThread "Unknown thread" [_thread_in_vm, id=14260, stack(0x0000000002660000,0x0000000002760000)]

Stack: [0x0000000002660000,0x0000000002760000]
[error occurred during error reporting (printing stack bounds), id 0xc0000005]

Native frames: (J=compiled Java code, j=interpreted, Vv=VM code, C=native code)


---------------  P R O C E S S  ---------------

Java Threads: ( => current thread )

Other Threads:

=>0x000000000213e800 (exited) JavaThread "Unknown thread" [_thread_in_vm, id=14260, stack(0x0000000002660000,0x0000000002760000)]

VM state:not at safepoint (normal execution)

VM Mutex/Monitor currently owned by a thread: None

Heap:
 PSYoungGen      total 18944K, used 327K [0x00000000eb380000, 0x00000000ec880000, 0x0000000100000000)
  eden space 16384K, 2% used [0x00000000eb380000,0x00000000eb3d1ec8,0x00000000ec380000)
  from space 2560K, 0% used [0x00000000ec600000,0x00000000ec600000,0x00000000ec880000)
  to   space 2560K, 0% used [0x00000000ec380000,0x00000000ec380000,0x00000000ec600000)
 ParOldGen       total 44032K, used 0K [0x00000000c1a00000, 0x00000000c4500000, 0x00000000eb380000)
  object space 44032K, 0% used [0x00000000c1a00000,0x00000000c1a00000,0x00000000c4500000)
 Metaspace       used 769K, capacity 4480K, committed 4480K, reserved 1056768K
  class space    used 75K, capacity 384K, committed 384K, reserved 1048576K

Card table byte_map: [0x0000000011c20000,0x0000000011e20000] byte_map_base: 0x0000000011613000

Marking Bits: (ParMarkBitMap*) 0x000000006cd9a6d0
 Begin Bits: [0x0000000012370000, 0x0000000013308000)
 End Bits:   [0x0000000013308000, 0x00000000142a0000)

Polling page: 0x00000000006a0000

CodeCache: size=245760Kb used=328Kb max_used=328Kb free=245431Kb
 bounds [0x0000000002860000, 0x0000000002ad0000, 0x0000000011860000]
 total_blobs=58 nmethods=0 adapters=38
 compilation: enabled

Compilation events (0 events):
No events

GC Heap History (0 events):
No events

Deoptimization events (0 events):
No events

Internal exceptions (0 events):
No events

Events (10 events):
Event: 0.027 loading class java/lang/Short
Event: 0.027 loading class java/lang/Short done
Event: 0.027 loading class java/lang/Integer
Event: 0.027 loading class java/lang/Integer done
Event: 0.027 loading class java/lang/Long
Event: 0.028 loading class java/lang/Long done
Event: 0.028 loading class java/lang/NullPointerException
Event: 0.028 loading class java/lang/NullPointerException done
Event: 0.028 loading class java/lang/ArithmeticException
Event: 0.028 loading class java/lang/ArithmeticException done


Dynamic libraries:
0x00007ff6a4da0000 - 0x00007ff6a4dd7000 	C:\Program Files\Java\jdk1.8.0_101\bin\javaw.exe
0x00007ffe704c0000 - 0x00007ffe70691000 	C:\WINDOWS\SYSTEM32\ntdll.dll
0x00007ffe6fff0000 - 0x00007ffe7009b000 	C:\WINDOWS\System32\KERNEL32.DLL
0x00007ffe6c9b0000 - 0x00007ffe6cbcd000 	C:\WINDOWS\System32\KERNELBASE.dll
0x00007ffe6f4c0000 - 0x00007ffe6f562000 	C:\WINDOWS\System32\ADVAPI32.dll
0x00007ffe6f420000 - 0x00007ffe6f4be000 	C:\WINDOWS\System32\msvcrt.dll
0x00007ffe70170000 - 0x00007ffe701c9000 	C:\WINDOWS\System32\sechost.dll
0x00007ffe6f130000 - 0x00007ffe6f251000 	C:\WINDOWS\System32\RPCRT4.dll
0x00007ffe6f570000 - 0x00007ffe6f6d5000 	C:\WINDOWS\System32\USER32.dll
0x00007ffe6ce30000 - 0x00007ffe6ce4e000 	C:\WINDOWS\System32\win32u.dll
0x00007ffe70380000 - 0x00007ffe703b4000 	C:\WINDOWS\System32\GDI32.dll
0x00007ffe6d5d0000 - 0x00007ffe6d752000 	C:\WINDOWS\System32\gdi32full.dll
0x00007ffe62960000 - 0x00007ffe62bd9000 	C:\WINDOWS\WinSxS\amd64_microsoft.windows.common-controls_6595b64144ccf1df_6.0.14393.447_none_42191651c6827bb3\COMCTL32.dll
0x00007ffe6f780000 - 0x00007ffe6fa48000 	C:\WINDOWS\System32\combase.dll
0x00007ffe6cc80000 - 0x00007ffe6cd75000 	C:\WINDOWS\System32\ucrtbase.dll
0x00007ffe6d990000 - 0x00007ffe6d9fa000 	C:\WINDOWS\System32\bcryptPrimitives.dll
0x00007ffe703c0000 - 0x00007ffe703ee000 	C:\WINDOWS\System32\IMM32.DLL
0x000000006c3d0000 - 0x000000006c4a2000 	C:\Program Files\Java\jdk1.8.0_101\jre\bin\msvcr100.dll
0x000000006c580000 - 0x000000006ce1a000 	C:\Program Files\Java\jdk1.8.0_101\jre\bin\server\jvm.dll
0x00007ffe6f120000 - 0x00007ffe6f128000 	C:\WINDOWS\System32\PSAPI.DLL
0x00007ffe6ad60000 - 0x00007ffe6ad83000 	C:\WINDOWS\SYSTEM32\WINMM.dll
0x00007ffe68c40000 - 0x00007ffe68c49000 	C:\WINDOWS\SYSTEM32\WSOCK32.dll
0x00007ffe70100000 - 0x00007ffe7016a000 	C:\WINDOWS\System32\WS2_32.dll
0x00007ffe6ac20000 - 0x00007ffe6ac4b000 	C:\WINDOWS\SYSTEM32\WINMMBASE.dll
0x00007ffe63530000 - 0x00007ffe6353a000 	C:\WINDOWS\SYSTEM32\VERSION.dll
0x00007ffe6da00000 - 0x00007ffe6da42000 	C:\WINDOWS\System32\cfgmgr32.dll
0x000000006c570000 - 0x000000006c57f000 	C:\Program Files\Java\jdk1.8.0_101\jre\bin\verify.dll
0x000000006c540000 - 0x000000006c569000 	C:\Program Files\Java\jdk1.8.0_101\jre\bin\java.dll
0x000000006c520000 - 0x000000006c536000 	C:\Program Files\Java\jdk1.8.0_101\jre\bin\zip.dll

VM Arguments:
jvm_args: -Dfile.encoding=GBK 
java_command: project.Login
java_class_path (initial): C:\Users\witj\workspace\project\bin
Launcher Type: SUN_STANDARD

Environment Variables:
JAVA_HOME=C:\Program Files\Java\jdk1.8.0_101
CLASSPATH=.;JAVA_HOME%\lib\dtjar;C:\Program Files\Java\jdk1.8.0_101\lib\tools.jar
USERNAME=witj
OS=Windows_NT
PROCESSOR_IDENTIFIER=Intel64 Family 6 Model 94 Stepping 3, GenuineIntel



---------------  S Y S T E M  ---------------

OS: Windows 10.0 , 64 bit Build 14393 (10.0.14393.0)

CPU:total 4 (4 cores per cpu, 1 threads per core) family 6 model 94 stepping 3, cmov, cx8, fxsr, mmx, sse, sse2, sse3, ssse3, sse4.1, sse4.2, popcnt, avx, avx2, aes, clmul, erms, rtm, 3dnowpref, lzcnt, tsc, tscinvbit, bmi1, bmi2, adx

Memory: 4k page, physical 4081568k(571684k free), swap 16664480k(6000k free)

vm_info: Java HotSpot(TM) 64-Bit Server VM (25.101-b13) for windows-amd64 JRE (1.8.0_101-b13), built on Jun 22 2016 01:21:29 by "java_re" with MS VC++ 10.0 (VS2010)

time: Sat Nov 11 19:44:18 2017
elapsed time: 0 seconds (0d 0h 0m 0s)

