#
# There is insufficient memory for the Java Runtime Environment to continue.
# Native memory allocation (malloc) failed to allocate 1048576 bytes for AllocateHeap
# Possible reasons:
#   The system is out of physical RAM or swap space
#   In 32 bit mode, the process size limit was hit
# Possible solutions:
#   Reduce memory load on the system
#   Increase physical memory or swap space
#   Check if swap backing store is full
#   Use 64 bit Java on a 64 bit OS
#   Decrease Java heap size (-Xmx/-Xms)
#   Decrease number of Java threads
#   Decrease Java thread stack sizes (-Xss)
#   Set larger code cache with -XX:ReservedCodeCacheSize=
# This output file may be truncated or incomplete.
#
#  Out of Memory Error (memory/allocation.inline.hpp:61), pid=16844, tid=0x0000000000004740
#
# JRE version:  (8.0_101-b13) (build )
# Java VM: Java HotSpot(TM) 64-Bit Server VM (25.101-b13 mixed mode windows-amd64 compressed oops)
# Failed to write core dump. Minidumps are not enabled by default on client versions of Windows
#

---------------  T H R E A D  ---------------

Current thread (0x0000000002dbe800):  JavaThread "Unknown thread" [_thread_in_vm, id=18240, stack(0x0000000002ca0000,0x0000000002da0000)]

Stack: [0x0000000002ca0000,0x0000000002da0000]
[error occurred during error reporting (printing stack bounds), id 0xc0000005]

Native frames: (J=compiled Java code, j=interpreted, Vv=VM code, C=native code)


---------------  P R O C E S S  ---------------

Java Threads: ( => current thread )

Other Threads:

=>0x0000000002dbe800 (exited) JavaThread "Unknown thread" [_thread_in_vm, id=18240, stack(0x0000000002ca0000,0x0000000002da0000)]

VM state:not at safepoint (normal execution)

VM Mutex/Monitor currently owned by a thread: None

Heap:
 PSYoungGen      total 18944K, used 327K [0x00000000eb380000, 0x00000000ec880000, 0x0000000100000000)
  eden space 16384K, 2% used [0x00000000eb380000,0x00000000eb3d1ec8,0x00000000ec380000)
  from space 2560K, 0% used [0x00000000ec600000,0x00000000ec600000,0x00000000ec880000)
  to   space 2560K, 0% used [0x00000000ec380000,0x00000000ec380000,0x00000000ec600000)
 ParOldGen       total 44032K, used 0K [0x00000000c1a00000, 0x00000000c4500000, 0x00000000eb380000)
  object space 44032K, 0% used [0x00000000c1a00000,0x00000000c1a00000,0x00000000c4500000)
 Metaspace       used 769K, capacity 4480K, committed 4480K, reserved 1056768K
  class space    used 75K, capacity 384K, committed 384K, reserved 1048576K

Card table byte_map: [0x0000000012600000,0x0000000012800000] byte_map_base: 0x0000000011ff3000

Marking Bits: (ParMarkBitMap*) 0x000000005838a6d0
 Begin Bits: [0x0000000012d50000, 0x0000000013ce8000)
 End Bits:   [0x0000000013ce8000, 0x0000000014c80000)

Polling page: 0x0000000002da0000

CodeCache: size=245760Kb used=328Kb max_used=328Kb free=245431Kb
 bounds [0x0000000003240000, 0x00000000034b0000, 0x0000000012240000]
 total_blobs=58 nmethods=0 adapters=38
 compilation: enabled

Compilation events (0 events):
No events

GC Heap History (0 events):
No events

Deoptimization events (0 events):
No events

Internal exceptions (0 events):
No events

Events (10 events):
Event: 0.038 loading class java/lang/Short
Event: 0.038 loading class java/lang/Short done
Event: 0.038 loading class java/lang/Integer
Event: 0.038 loading class java/lang/Integer done
Event: 0.038 loading class java/lang/Long
Event: 0.038 loading class java/lang/Long done
Event: 0.039 loading class java/lang/NullPointerException
Event: 0.039 loading class java/lang/NullPointerException done
Event: 0.039 loading class java/lang/ArithmeticException
Event: 0.039 loading class java/lang/ArithmeticException done


Dynamic libraries:
0x00007ff7b7ac0000 - 0x00007ff7b7af7000 	C:\Program Files\Java\jdk1.8.0_101\bin\javaw.exe
0x00007ffeb9b70000 - 0x00007ffeb9d41000 	C:\WINDOWS\SYSTEM32\ntdll.dll
0x00007ffeb7620000 - 0x00007ffeb76cb000 	C:\WINDOWS\System32\KERNEL32.DLL
0x00007ffeb6930000 - 0x00007ffeb6b4d000 	C:\WINDOWS\System32\KERNELBASE.dll
0x00007ffeb7ae0000 - 0x00007ffeb7b82000 	C:\WINDOWS\System32\ADVAPI32.dll
0x00007ffeb7400000 - 0x00007ffeb749e000 	C:\WINDOWS\System32\msvcrt.dll
0x00007ffeb9670000 - 0x00007ffeb96c9000 	C:\WINDOWS\System32\sechost.dll
0x00007ffeb71b0000 - 0x00007ffeb72d1000 	C:\WINDOWS\System32\RPCRT4.dll
0x00007ffeb7d90000 - 0x00007ffeb7ef5000 	C:\WINDOWS\System32\USER32.dll
0x00007ffeb6d20000 - 0x00007ffeb6d3e000 	C:\WINDOWS\System32\win32u.dll
0x00007ffeb7100000 - 0x00007ffeb7134000 	C:\WINDOWS\System32\GDI32.dll
0x00007ffeb67a0000 - 0x00007ffeb6922000 	C:\WINDOWS\System32\gdi32full.dll
0x00007ffeabd20000 - 0x00007ffeabf99000 	C:\WINDOWS\WinSxS\amd64_microsoft.windows.common-controls_6595b64144ccf1df_6.0.14393.447_none_42191651c6827bb3\COMCTL32.dll
0x00007ffeb77e0000 - 0x00007ffeb7aa8000 	C:\WINDOWS\System32\combase.dll
0x00007ffeb6d40000 - 0x00007ffeb6e35000 	C:\WINDOWS\System32\ucrtbase.dll
0x00007ffeb7090000 - 0x00007ffeb70fa000 	C:\WINDOWS\System32\bcryptPrimitives.dll
0x00007ffeb7ab0000 - 0x00007ffeb7ade000 	C:\WINDOWS\System32\IMM32.DLL
0x0000000058940000 - 0x0000000058a12000 	C:\Program Files\Java\jdk1.8.0_101\jre\bin\msvcr100.dll
0x0000000057b70000 - 0x000000005840a000 	C:\Program Files\Java\jdk1.8.0_101\jre\bin\server\jvm.dll
0x00007ffeb77d0000 - 0x00007ffeb77d8000 	C:\WINDOWS\System32\PSAPI.DLL
0x00007ffeb17f0000 - 0x00007ffeb17f9000 	C:\WINDOWS\SYSTEM32\WSOCK32.dll
0x00007ffeb7140000 - 0x00007ffeb71aa000 	C:\WINDOWS\System32\WS2_32.dll
0x00007ffeb4410000 - 0x00007ffeb4433000 	C:\WINDOWS\SYSTEM32\WINMM.dll
0x00007ffeadd60000 - 0x00007ffeadd6a000 	C:\WINDOWS\SYSTEM32\VERSION.dll
0x00007ffeb43e0000 - 0x00007ffeb440b000 	C:\WINDOWS\SYSTEM32\WINMMBASE.dll
0x00007ffeb7040000 - 0x00007ffeb7082000 	C:\WINDOWS\System32\cfgmgr32.dll
0x00000000587e0000 - 0x00000000587ef000 	C:\Program Files\Java\jdk1.8.0_101\jre\bin\verify.dll
0x0000000057b40000 - 0x0000000057b69000 	C:\Program Files\Java\jdk1.8.0_101\jre\bin\java.dll
0x0000000057b20000 - 0x0000000057b36000 	C:\Program Files\Java\jdk1.8.0_101\jre\bin\zip.dll

VM Arguments:
jvm_args: -Dfile.encoding=GBK 
java_command: project.Login
java_class_path (initial): C:\Users\witj\workspace\project\bin
Launcher Type: SUN_STANDARD

Environment Variables:
JAVA_HOME=C:\Program Files\Java\jdk1.8.0_101
CLASSPATH=.;JAVA_HOME%\lib\dtjar;C:\Program Files\Java\jdk1.8.0_101\lib\tools.jar
USERNAME=witj
OS=Windows_NT
PROCESSOR_IDENTIFIER=Intel64 Family 6 Model 94 Stepping 3, GenuineIntel



---------------  S Y S T E M  ---------------

OS: Windows 10.0 , 64 bit Build 14393 (10.0.14393.0)

CPU:total 4 (4 cores per cpu, 1 threads per core) family 6 model 94 stepping 3, cmov, cx8, fxsr, mmx, sse, sse2, sse3, ssse3, sse4.1, sse4.2, popcnt, avx, avx2, aes, clmul, erms, rtm, 3dnowpref, lzcnt, tsc, tscinvbit, bmi1, bmi2, adx

Memory: 4k page, physical 4081568k(310628k free), swap 16664480k(5572k free)

vm_info: Java HotSpot(TM) 64-Bit Server VM (25.101-b13) for windows-amd64 JRE (1.8.0_101-b13), built on Jun 22 2016 01:21:29 by "java_re" with MS VC++ 10.0 (VS2010)

time: Mon Nov 13 21:39:53 2017
elapsed time: 0 seconds (0d 0h 0m 0s)

