#
# There is insufficient memory for the Java Runtime Environment to continue.
# Native memory allocation (malloc) failed to allocate 1048576 bytes for AllocateHeap
# Possible reasons:
#   The system is out of physical RAM or swap space
#   In 32 bit mode, the process size limit was hit
# Possible solutions:
#   Reduce memory load on the system
#   Increase physical memory or swap space
#   Check if swap backing store is full
#   Use 64 bit Java on a 64 bit OS
#   Decrease Java heap size (-Xmx/-Xms)
#   Decrease number of Java threads
#   Decrease Java thread stack sizes (-Xss)
#   Set larger code cache with -XX:ReservedCodeCacheSize=
# This output file may be truncated or incomplete.
#
#  Out of Memory Error (memory/allocation.inline.hpp:61), pid=23596, tid=0x0000000000005fec
#
# JRE version:  (8.0_101-b13) (build )
# Java VM: Java HotSpot(TM) 64-Bit Server VM (25.101-b13 mixed mode windows-amd64 compressed oops)
# Failed to write core dump. Minidumps are not enabled by default on client versions of Windows
#

---------------  T H R E A D  ---------------

Current thread (0x0000000002b2e800):  JavaThread "Unknown thread" [_thread_in_vm, id=24556, stack(0x0000000000dc0000,0x0000000000ec0000)]

Stack: [0x0000000000dc0000,0x0000000000ec0000]
[error occurred during error reporting (printing stack bounds), id 0xc0000005]

Native frames: (J=compiled Java code, j=interpreted, Vv=VM code, C=native code)


---------------  P R O C E S S  ---------------

Java Threads: ( => current thread )

Other Threads:

=>0x0000000002b2e800 (exited) JavaThread "Unknown thread" [_thread_in_vm, id=24556, stack(0x0000000000dc0000,0x0000000000ec0000)]

VM state:not at safepoint (normal execution)

VM Mutex/Monitor currently owned by a thread: None

Heap:
 PSYoungGen      total 18944K, used 327K [0x00000000eb380000, 0x00000000ec880000, 0x0000000100000000)
  eden space 16384K, 2% used [0x00000000eb380000,0x00000000eb3d1ec8,0x00000000ec380000)
  from space 2560K, 0% used [0x00000000ec600000,0x00000000ec600000,0x00000000ec880000)
  to   space 2560K, 0% used [0x00000000ec380000,0x00000000ec380000,0x00000000ec600000)
 ParOldGen       total 44032K, used 0K [0x00000000c1a00000, 0x00000000c4500000, 0x00000000eb380000)
  object space 44032K, 0% used [0x00000000c1a00000,0x00000000c1a00000,0x00000000c4500000)
 Metaspace       used 769K, capacity 4480K, committed 4480K, reserved 1056768K
  class space    used 75K, capacity 384K, committed 384K, reserved 1048576K

Card table byte_map: [0x0000000011ef0000,0x00000000120f0000] byte_map_base: 0x00000000118e3000

Marking Bits: (ParMarkBitMap*) 0x000000006103a6d0
 Begin Bits: [0x0000000012640000, 0x00000000135d8000)
 End Bits:   [0x00000000135d8000, 0x0000000014570000)

Polling page: 0x00000000009a0000

CodeCache: size=245760Kb used=328Kb max_used=328Kb free=245431Kb
 bounds [0x0000000002b30000, 0x0000000002da0000, 0x0000000011b30000]
 total_blobs=58 nmethods=0 adapters=38
 compilation: enabled

Compilation events (0 events):
No events

GC Heap History (0 events):
No events

Deoptimization events (0 events):
No events

Internal exceptions (0 events):
No events

Events (10 events):
Event: 0.030 loading class java/lang/Short
Event: 0.030 loading class java/lang/Short done
Event: 0.030 loading class java/lang/Integer
Event: 0.031 loading class java/lang/Integer done
Event: 0.031 loading class java/lang/Long
Event: 0.031 loading class java/lang/Long done
Event: 0.031 loading class java/lang/NullPointerException
Event: 0.032 loading class java/lang/NullPointerException done
Event: 0.032 loading class java/lang/ArithmeticException
Event: 0.032 loading class java/lang/ArithmeticException done


Dynamic libraries:
0x00007ff6be680000 - 0x00007ff6be6b7000 	C:\Program Files\Java\jdk1.8.0_101\bin\javaw.exe
0x00007ffc1bfa0000 - 0x00007ffc1c171000 	C:\WINDOWS\SYSTEM32\ntdll.dll
0x00007ffc1bc80000 - 0x00007ffc1bd2b000 	C:\WINDOWS\System32\KERNEL32.DLL
0x00007ffc18860000 - 0x00007ffc18a7d000 	C:\WINDOWS\System32\KERNELBASE.dll
0x00007ffc19ad0000 - 0x00007ffc19b72000 	C:\WINDOWS\System32\ADVAPI32.dll
0x00007ffc195c0000 - 0x00007ffc1965e000 	C:\WINDOWS\System32\msvcrt.dll
0x00007ffc19530000 - 0x00007ffc19589000 	C:\WINDOWS\System32\sechost.dll
0x00007ffc1b8b0000 - 0x00007ffc1b9d1000 	C:\WINDOWS\System32\RPCRT4.dll
0x00007ffc19b80000 - 0x00007ffc19ce5000 	C:\WINDOWS\System32\USER32.dll
0x00007ffc187e0000 - 0x00007ffc187fe000 	C:\WINDOWS\System32\win32u.dll
0x00007ffc1bf60000 - 0x00007ffc1bf94000 	C:\WINDOWS\System32\GDI32.dll
0x00007ffc18490000 - 0x00007ffc18612000 	C:\WINDOWS\System32\gdi32full.dll
0x00007ffc0e220000 - 0x00007ffc0e499000 	C:\WINDOWS\WinSxS\amd64_microsoft.windows.common-controls_6595b64144ccf1df_6.0.14393.447_none_42191651c6827bb3\COMCTL32.dll
0x00007ffc19660000 - 0x00007ffc19928000 	C:\WINDOWS\System32\combase.dll
0x00007ffc18a80000 - 0x00007ffc18b75000 	C:\WINDOWS\System32\ucrtbase.dll
0x00007ffc18620000 - 0x00007ffc1868a000 	C:\WINDOWS\System32\bcryptPrimitives.dll
0x00007ffc19590000 - 0x00007ffc195be000 	C:\WINDOWS\System32\IMM32.DLL
0x0000000061320000 - 0x00000000613f2000 	C:\Program Files\Java\jdk1.8.0_101\jre\bin\msvcr100.dll
0x0000000060820000 - 0x00000000610ba000 	C:\Program Files\Java\jdk1.8.0_101\jre\bin\server\jvm.dll
0x00007ffc1b9e0000 - 0x00007ffc1b9e8000 	C:\WINDOWS\System32\PSAPI.DLL
0x00007ffc14640000 - 0x00007ffc14649000 	C:\WINDOWS\SYSTEM32\WSOCK32.dll
0x00007ffc10170000 - 0x00007ffc1017a000 	C:\WINDOWS\SYSTEM32\VERSION.dll
0x00007ffc16840000 - 0x00007ffc16863000 	C:\WINDOWS\SYSTEM32\WINMM.dll
0x00007ffc16810000 - 0x00007ffc1683b000 	C:\WINDOWS\SYSTEM32\WINMMBASE.dll
0x00007ffc1b690000 - 0x00007ffc1b6fa000 	C:\WINDOWS\System32\WS2_32.dll
0x00007ffc18b80000 - 0x00007ffc18bc2000 	C:\WINDOWS\System32\cfgmgr32.dll
0x0000000062a30000 - 0x0000000062a3f000 	C:\Program Files\Java\jdk1.8.0_101\jre\bin\verify.dll
0x0000000061450000 - 0x0000000061479000 	C:\Program Files\Java\jdk1.8.0_101\jre\bin\java.dll
0x0000000062650000 - 0x0000000062666000 	C:\Program Files\Java\jdk1.8.0_101\jre\bin\zip.dll

VM Arguments:
jvm_args: -Dfile.encoding=GBK 
java_command: project.Login
java_class_path (initial): C:\Users\witj\workspace\project\bin
Launcher Type: SUN_STANDARD

Environment Variables:
JAVA_HOME=C:\Program Files\Java\jdk1.8.0_101
CLASSPATH=.;JAVA_HOME%\lib\dtjar;C:\Program Files\Java\jdk1.8.0_101\lib\tools.jar
USERNAME=witj
OS=Windows_NT
PROCESSOR_IDENTIFIER=Intel64 Family 6 Model 94 Stepping 3, GenuineIntel



---------------  S Y S T E M  ---------------

OS: Windows 10.0 , 64 bit Build 14393 (10.0.14393.0)

CPU:total 4 (4 cores per cpu, 1 threads per core) family 6 model 94 stepping 3, cmov, cx8, fxsr, mmx, sse, sse2, sse3, ssse3, sse4.1, sse4.2, popcnt, avx, avx2, aes, clmul, erms, rtm, 3dnowpref, lzcnt, tsc, tscinvbit, bmi1, bmi2, adx

Memory: 4k page, physical 4081568k(154412k free), swap 16664480k(5544k free)

vm_info: Java HotSpot(TM) 64-Bit Server VM (25.101-b13) for windows-amd64 JRE (1.8.0_101-b13), built on Jun 22 2016 01:21:29 by "java_re" with MS VC++ 10.0 (VS2010)

time: Sat Nov 11 01:41:31 2017
elapsed time: 0 seconds (0d 0h 0m 0s)

